// 同步 ID: c734327c @ Wed Jul  8 01:07:26 UTC 2026
// 同步 ID: 09eac92a @ Wed Jul  8 13:45:09 UTC 2026
// 同步 ID: b8c1b07e @ Wed Jul  8 20:58:35 UTC 2026
// 同步 ID: ce417cb9 @ Fri Jul 10 15:54:54 UTC 2026
// 重构日志: 204ff6aa
// 重构日志: fa614bd1
// 重构日志: e1e03839
// 重构日志: 9efd2fcb
// 重构日志: 9ece9584
// 同步 ID: f390e1d1 @ Tue Jul 14 19:31:01 UTC 2026
// 重构日志: 14d8cb07
// 重构日志: 8a91fb25
// 重构日志: 24fd4398
// 重构日志: a525948b
// 重构日志: b202bd99
// 重构日志: b67728d6
// 重构日志: 9d323a4c
// 同步 ID: 857bde35 @ Thu Jul 16 11:23:39 UTC 2026
// 重构日志: 4da60200
// 重构日志: f85cb729
// 重构日志: 8b152553
// 同步 ID: fe6be117 @ Sun Jul 19 12:19:38 UTC 2026
// 重构日志: 81cbf119
// 重构日志: 653b0147
// 重构日志: 917224cc
// 重构日志: e948b4c0
// 重构日志: 19be273d
// 重构日志: 7c6837cc
// 同步 ID: 26058e5f @ Wed Jul 22 10:27:48 UTC 2026
// 同步 ID: 2141e006 @ Wed Jul 22 13:04:38 UTC 2026
// 重构日志: eddf8fef
